\BOOKMARK [1][-]{section.1}{Complex numbers}{}% 1
\BOOKMARK [2][-]{subsection.1.1}{Basic properties}{section.1}% 2
\BOOKMARK [2][-]{subsection.1.2}{Argand diagram}{section.1}% 3
\BOOKMARK [2][-]{subsection.1.3}{Complex exponential}{section.1}% 4
\BOOKMARK [3][-]{subsubsection.1.3.1}{Multiplication}{subsection.1.3}% 5
\BOOKMARK [1][-]{section.2}{The complex exponential and Argand diagram}{}% 6
\BOOKMARK [2][-]{subsection.2.1}{Trigonometric functions}{section.2}% 7
\BOOKMARK [2][-]{subsection.2.2}{Roots of unity}{section.2}% 8
\BOOKMARK [2][-]{subsection.2.3}{Complex logarithm}{section.2}% 9
\BOOKMARK [2][-]{subsection.2.4}{Complex power function}{section.2}% 10
\BOOKMARK [2][-]{subsection.2.5}{Lines and circles in C}{section.2}% 11
\BOOKMARK [3][-]{subsubsection.2.5.1}{Lines}{subsection.2.5}% 12
\BOOKMARK [3][-]{subsubsection.2.5.2}{Circles}{subsection.2.5}% 13
\BOOKMARK [1][-]{section.3}{Vectors}{}% 14
\BOOKMARK [2][-]{subsection.3.1}{Definition and basic properties}{section.3}% 15
\BOOKMARK [3][-]{subsubsection.3.1.1}{Addition}{subsection.3.1}% 16
\BOOKMARK [3][-]{subsubsection.3.1.2}{Multiplication by a scalar}{subsection.3.1}% 17
\BOOKMARK [2][-]{subsection.3.2}{Vector spaces}{section.3}% 18
\BOOKMARK [2][-]{subsection.3.3}{Scalar product}{section.3}% 19
\BOOKMARK [2][-]{subsection.3.4}{Inner product}{section.3}% 20
\BOOKMARK [2][-]{subsection.3.5}{Cauchy-Schwarz inequality}{section.3}% 21
\BOOKMARK [3][-]{subsubsection.3.5.1}{Example}{subsection.3.5}% 22
\BOOKMARK [1][-]{section.4}{Triangle inequality and vector product}{}% 23
\BOOKMARK [2][-]{subsection.4.1}{Triangle inequality}{section.4}% 24
\BOOKMARK [2][-]{subsection.4.2}{Vector product}{section.4}% 25
\BOOKMARK [2][-]{subsection.4.3}{Area of a triangle}{section.4}% 26
\BOOKMARK [2][-]{subsection.4.4}{Scalar triple product}{section.4}% 27
\BOOKMARK [2][-]{subsection.4.5}{Distributive law}{section.4}% 28
\BOOKMARK [2][-]{subsection.4.6}{Spanning sets and bases}{section.4}% 29
